c:\users\akkshai\source\repos\safekeep\x64\debug\vc142.pdb
c:\users\akkshai\source\repos\safekeep\x64\debug\main.obj
c:\users\akkshai\source\repos\safekeep\x64\debug\sqlconnector.obj
c:\users\akkshai\source\repos\safekeep\x64\debug\.netframework,version=v4.6.1.assemblyattributes.obj
c:\users\akkshai\source\repos\safekeep\x64\debug\source.obj
c:\users\akkshai\source\repos\safekeep\x64\debug\datarow.obj
c:\users\akkshai\source\repos\safekeep\x64\debug\account.obj
c:\users\akkshai\source\repos\safekeep\x64\debug\safekeep.exe
c:\users\akkshai\source\repos\safekeep\x64\debug\safekeep.pdb
c:\users\akkshai\source\repos\safekeep\x64\debug\safekeep.main.resources
c:\users\akkshai\source\repos\safekeep\x64\debug\safekeep.lib
c:\users\akkshai\source\repos\safekeep\x64\debug\safekeep.exp
c:\users\akkshai\source\repos\safekeep\x64\debug\safekeep.exe.metagen
c:\users\akkshai\source\repos\safekeep\x64\debug\safekeep.tlog\cl.command.1.tlog
c:\users\akkshai\source\repos\safekeep\x64\debug\safekeep.tlog\cl.read.1.tlog
c:\users\akkshai\source\repos\safekeep\x64\debug\safekeep.tlog\cl.write.1.tlog
c:\users\akkshai\source\repos\safekeep\x64\debug\safekeep.tlog\link.command.1.tlog
c:\users\akkshai\source\repos\safekeep\x64\debug\safekeep.tlog\link.read.1.tlog
c:\users\akkshai\source\repos\safekeep\x64\debug\safekeep.tlog\link.write.1.tlog
c:\users\akkshai\source\repos\safekeep\x64\debug\safekeep.tlog\metagen.read.1.tlog
c:\users\akkshai\source\repos\safekeep\x64\debug\safekeep.tlog\metagen.write.1.tlog
c:\users\akkshai\source\repos\safekeep\x64\debug\safekeep.tlog\safekeep.write.1u.tlog
